{
  "stats": {
    "suites": 9,
    "tests": 9,
    "passes": 9,
    "pending": 0,
    "failures": 0,
    "start": "2022-11-29T18:18:00.211Z",
    "end": "2022-11-29T18:18:10.158Z",
    "duration": 9947,
    "testsRegistered": 9,
    "passPercent": 100,
    "pendingPercent": 0,
    "other": 0,
    "hasOther": false,
    "skipped": 0,
    "hasSkipped": false
  },
  "results": [
    {
      "uuid": "3ed02dc0-640b-413f-bdac-b3c184b62b24",
      "title": "",
      "fullFile": "",
      "file": "",
      "beforeHooks": [],
      "afterHooks": [
        {
          "title": "\"after all\" hook in \"{root}\"",
          "fullTitle": "\"after all\" hook in \"{root}\"",
          "timedOut": false,
          "duration": 1,
          "state": null,
          "speed": null,
          "pass": false,
          "fail": false,
          "pending": false,
          "context": null,
          "code": "done();",
          "err": {},
          "uuid": "010ee4da-06e6-42f7-85ac-fe207edae74f",
          "parentUUID": "3ed02dc0-640b-413f-bdac-b3c184b62b24",
          "isHook": true,
          "skipped": false
        }
      ],
      "tests": [],
      "suites": [
        {
          "uuid": "199dcf37-b4c2-4ba3-9431-9494817955e4",
          "title": "POST /api/mekanlar",
          "fullFile": "/Users/kamilgorucu/Downloads/mekanBul3-odev5/test.js",
          "file": "/test.js",
          "beforeHooks": [],
          "afterHooks": [],
          "tests": [
            {
              "title": "Yeni mekan ekle:",
              "fullTitle": "POST /api/mekanlar Yeni mekan ekle:",
              "timedOut": false,
              "duration": 986,
              "state": "passed",
              "speed": "slow",
              "pass": true,
              "fail": false,
              "pending": false,
              "context": null,
              "code": "const response = await request.post(\"/api/mekanlar\").send({\n  ad: \"Starbucks\",\n  adres: \"Centrum Garden\",\n  puan: 5,\n  imkanlar: \"çay,kahve,pasta\",\n  enlem: 37.83226584629666,\n  boylam: 30.524732239878013,\n  gunler1: \"Pazartesi-Cuma\",\n  acilis1: \"9:00\",\n  kapanis1: \"23:00\",\n  kapali1: false,\n  gunler2: \"Cumartesi-Pazar\",\n  acilis2: \"11:00\",\n  kapanis2: \"17:00\",\n  kapali2: false,\n});\nexpect(response.status).to.eql(201);\nprocess.env.mekanid = response.body._id;",
              "err": {},
              "uuid": "8e6d96da-75d7-4131-85e4-aa66fd25a011",
              "parentUUID": "199dcf37-b4c2-4ba3-9431-9494817955e4",
              "isHook": false,
              "skipped": false
            }
          ],
          "suites": [],
          "passes": [
            "8e6d96da-75d7-4131-85e4-aa66fd25a011"
          ],
          "failures": [],
          "pending": [],
          "skipped": [],
          "duration": 986,
          "root": false,
          "rootEmpty": false,
          "_timeout": 10000
        },
        {
          "uuid": "f99c6cb5-bd7d-46ea-9122-38d8705a6ad7",
          "title": "GET /api/mekanlar",
          "fullFile": "/Users/kamilgorucu/Downloads/mekanBul3-odev5/test.js",
          "file": "/test.js",
          "beforeHooks": [],
          "afterHooks": [],
          "tests": [
            {
              "title": "Girilen konum civarındaki tüm mekanları listele:",
              "fullTitle": "GET /api/mekanlar Girilen konum civarındaki tüm mekanları listele:",
              "timedOut": false,
              "duration": 974,
              "state": "passed",
              "speed": "slow",
              "pass": true,
              "fail": false,
              "pending": false,
              "context": null,
              "code": "const response = await request.get(\"/api/mekanlar?enlem=37&boylam=35\");\nexpect(response.status).to.eql(200);",
              "err": {},
              "uuid": "b8244fcd-0790-4419-b264-a499af8b3fbf",
              "parentUUID": "f99c6cb5-bd7d-46ea-9122-38d8705a6ad7",
              "isHook": false,
              "skipped": false
            }
          ],
          "suites": [],
          "passes": [
            "b8244fcd-0790-4419-b264-a499af8b3fbf"
          ],
          "failures": [],
          "pending": [],
          "skipped": [],
          "duration": 974,
          "root": false,
          "rootEmpty": false,
          "_timeout": 10000
        },
        {
          "uuid": "118fe6f8-cd1f-468e-92eb-8669a2384b1d",
          "title": "GET /api/mekanlar/:mekanid",
          "fullFile": "/Users/kamilgorucu/Downloads/mekanBul3-odev5/test.js",
          "file": "/test.js",
          "beforeHooks": [],
          "afterHooks": [],
          "tests": [
            {
              "title": "Mekan getir:",
              "fullTitle": "GET /api/mekanlar/:mekanid Mekan getir:",
              "timedOut": false,
              "duration": 868,
              "state": "passed",
              "speed": "slow",
              "pass": true,
              "fail": false,
              "pending": false,
              "context": null,
              "code": "const response = await request.get(`/api/mekanlar/${process.env.mekanid}`);\nexpect(response.status).to.eql(200);",
              "err": {},
              "uuid": "f0ec23f1-976f-4c0a-bd63-349cd81f3aaf",
              "parentUUID": "118fe6f8-cd1f-468e-92eb-8669a2384b1d",
              "isHook": false,
              "skipped": false
            }
          ],
          "suites": [],
          "passes": [
            "f0ec23f1-976f-4c0a-bd63-349cd81f3aaf"
          ],
          "failures": [],
          "pending": [],
          "skipped": [],
          "duration": 868,
          "root": false,
          "rootEmpty": false,
          "_timeout": 10000
        },
        {
          "uuid": "28d579ca-9756-463b-be8e-4c4130f103ec",
          "title": "PUT /api/mekanlar/:mekanid",
          "fullFile": "/Users/kamilgorucu/Downloads/mekanBul3-odev5/test.js",
          "file": "/test.js",
          "beforeHooks": [],
          "afterHooks": [],
          "tests": [
            {
              "title": "Mekan Güncelle:",
              "fullTitle": "PUT /api/mekanlar/:mekanid Mekan Güncelle:",
              "timedOut": false,
              "duration": 1142,
              "state": "passed",
              "speed": "slow",
              "pass": true,
              "fail": false,
              "pending": false,
              "context": null,
              "code": "const response = await request\n  .put(`/api/mekanlar/${process.env.mekanid}`)\n  .send({\n    ad: \"Starbucks SDÜ\",\n    adres: \"SDÜ Doğu Kampüsü\",\n    puan: 3,\n    imkanlar: \"çay,kahve,pasta,refresher\",\n    enlem: 37.8,\n    boylam: 30.5,\n    gunler1: \"Pazartesi-Cuma\",\n    acilis1: \"9:10\",\n    kapanis1: \"23:10\",\n    kapali1: true,\n    gunler2: \"Cumartesi-Pazar\",\n    acilis2: \"11:10\",\n    kapanis2: \"17:10\",\n    kapali2: true,\n  });\nexpect(response.status).to.eql(200);",
              "err": {},
              "uuid": "91320b88-b6bd-4c6d-a9dc-07f7611d47f7",
              "parentUUID": "28d579ca-9756-463b-be8e-4c4130f103ec",
              "isHook": false,
              "skipped": false
            }
          ],
          "suites": [],
          "passes": [
            "91320b88-b6bd-4c6d-a9dc-07f7611d47f7"
          ],
          "failures": [],
          "pending": [],
          "skipped": [],
          "duration": 1142,
          "root": false,
          "rootEmpty": false,
          "_timeout": 10000
        },
        {
          "uuid": "bb383dbd-9ce5-49e4-9474-41f4c6e42b15",
          "title": "POST /api/mekanlar/:mekanid/yorumlar",
          "fullFile": "/Users/kamilgorucu/Downloads/mekanBul3-odev5/test.js",
          "file": "/test.js",
          "beforeHooks": [],
          "afterHooks": [],
          "tests": [
            {
              "title": "Yorum ekle:",
              "fullTitle": "POST /api/mekanlar/:mekanid/yorumlar Yorum ekle:",
              "timedOut": false,
              "duration": 1174,
              "state": "passed",
              "speed": "slow",
              "pass": true,
              "fail": false,
              "pending": false,
              "context": null,
              "code": "const response = await request\n  .post(`/api/mekanlar/${process.env.mekanid}/yorumlar`)\n  .send({\n    yorumYapan: \"ASY\",\n    puan: 5,\n    yorumMetni: \"Kahveler harika\",\n  });\nprocess.env.yorumid = response.body._id;\nexpect(response.status).to.eql(201);",
              "err": {},
              "uuid": "b6680118-6a01-40ed-bac3-c7392915ee34",
              "parentUUID": "bb383dbd-9ce5-49e4-9474-41f4c6e42b15",
              "isHook": false,
              "skipped": false
            }
          ],
          "suites": [],
          "passes": [
            "b6680118-6a01-40ed-bac3-c7392915ee34"
          ],
          "failures": [],
          "pending": [],
          "skipped": [],
          "duration": 1174,
          "root": false,
          "rootEmpty": false,
          "_timeout": 10000
        },
        {
          "uuid": "aa3230f1-41ef-43e1-b46c-25480f1a7e60",
          "title": "GET /api/mekanlar/:mekanid/yorumlar/:yorumid",
          "fullFile": "/Users/kamilgorucu/Downloads/mekanBul3-odev5/test.js",
          "file": "/test.js",
          "beforeHooks": [],
          "afterHooks": [],
          "tests": [
            {
              "title": "Yorum getir:",
              "fullTitle": "GET /api/mekanlar/:mekanid/yorumlar/:yorumid Yorum getir:",
              "timedOut": false,
              "duration": 1045,
              "state": "passed",
              "speed": "slow",
              "pass": true,
              "fail": false,
              "pending": false,
              "context": null,
              "code": "const response = await request.get(\n  `/api/mekanlar/${process.env.mekanid}/yorumlar/${process.env.yorumid}`\n);\nexpect(response.status).to.eql(200);",
              "err": {},
              "uuid": "75c3c020-174e-45b4-ae5f-033df4a38b8a",
              "parentUUID": "aa3230f1-41ef-43e1-b46c-25480f1a7e60",
              "isHook": false,
              "skipped": false
            }
          ],
          "suites": [],
          "passes": [
            "75c3c020-174e-45b4-ae5f-033df4a38b8a"
          ],
          "failures": [],
          "pending": [],
          "skipped": [],
          "duration": 1045,
          "root": false,
          "rootEmpty": false,
          "_timeout": 10000
        },
        {
          "uuid": "f5e78fcb-c182-44bd-91d8-0103bfd85770",
          "title": "PUT /api/mekanlar/:mekanid/yorumlar/:yorumid",
          "fullFile": "/Users/kamilgorucu/Downloads/mekanBul3-odev5/test.js",
          "file": "/test.js",
          "beforeHooks": [],
          "afterHooks": [],
          "tests": [
            {
              "title": "Yorum güncelle:",
              "fullTitle": "PUT /api/mekanlar/:mekanid/yorumlar/:yorumid Yorum güncelle:",
              "timedOut": false,
              "duration": 1197,
              "state": "passed",
              "speed": "slow",
              "pass": true,
              "fail": false,
              "pending": false,
              "context": null,
              "code": "const response = await request\n  .put(\n    `/api/mekanlar/${process.env.mekanid}/yorumlar/${process.env.yorumid}`\n  )\n  .send({\n    yorumYapan: \"Sinan\",\n    puan: 4,\n    yorumMetni: \"Kahveler harikaaaa\",\n  });\nexpect(response.status).to.eql(200);",
              "err": {},
              "uuid": "29caeccb-c1eb-476e-9210-2741fb06adc3",
              "parentUUID": "f5e78fcb-c182-44bd-91d8-0103bfd85770",
              "isHook": false,
              "skipped": false
            }
          ],
          "suites": [],
          "passes": [
            "29caeccb-c1eb-476e-9210-2741fb06adc3"
          ],
          "failures": [],
          "pending": [],
          "skipped": [],
          "duration": 1197,
          "root": false,
          "rootEmpty": false,
          "_timeout": 10000
        },
        {
          "uuid": "66529370-5dcd-41e6-9bba-a2fbb89da3ff",
          "title": "DELETE /api/mekanlar/:mekanid/yorumlar/:yorumid",
          "fullFile": "/Users/kamilgorucu/Downloads/mekanBul3-odev5/test.js",
          "file": "/test.js",
          "beforeHooks": [],
          "afterHooks": [],
          "tests": [
            {
              "title": "Yorum sil:",
              "fullTitle": "DELETE /api/mekanlar/:mekanid/yorumlar/:yorumid Yorum sil:",
              "timedOut": false,
              "duration": 1214,
              "state": "passed",
              "speed": "slow",
              "pass": true,
              "fail": false,
              "pending": false,
              "context": null,
              "code": "const response = await request.delete(\n  `/api/mekanlar/${process.env.mekanid}/yorumlar/${process.env.yorumid}`\n);\nexpect(response.status).to.eql(200);",
              "err": {},
              "uuid": "52a7a6f9-3434-460b-be79-2f5f8624a27c",
              "parentUUID": "66529370-5dcd-41e6-9bba-a2fbb89da3ff",
              "isHook": false,
              "skipped": false
            }
          ],
          "suites": [],
          "passes": [
            "52a7a6f9-3434-460b-be79-2f5f8624a27c"
          ],
          "failures": [],
          "pending": [],
          "skipped": [],
          "duration": 1214,
          "root": false,
          "rootEmpty": false,
          "_timeout": 10000
        },
        {
          "uuid": "a6646cf0-ab61-4266-9cf4-b1cb602e8922",
          "title": "DELETE /api/mekanlar/:mekanid",
          "fullFile": "/Users/kamilgorucu/Downloads/mekanBul3-odev5/test.js",
          "file": "/test.js",
          "beforeHooks": [],
          "afterHooks": [],
          "tests": [
            {
              "title": "Mekan sil:",
              "fullTitle": "DELETE /api/mekanlar/:mekanid Mekan sil:",
              "timedOut": false,
              "duration": 1329,
              "state": "passed",
              "speed": "slow",
              "pass": true,
              "fail": false,
              "pending": false,
              "context": null,
              "code": "const response = await request.delete(\n  `/api/mekanlar/${process.env.mekanid}`\n);\nexpect(response.status).to.eql(200);",
              "err": {},
              "uuid": "a6055e4a-f832-4ffe-8432-721632145f25",
              "parentUUID": "a6646cf0-ab61-4266-9cf4-b1cb602e8922",
              "isHook": false,
              "skipped": false
            }
          ],
          "suites": [],
          "passes": [
            "a6055e4a-f832-4ffe-8432-721632145f25"
          ],
          "failures": [],
          "pending": [],
          "skipped": [],
          "duration": 1329,
          "root": false,
          "rootEmpty": false,
          "_timeout": 10000
        }
      ],
      "passes": [],
      "failures": [],
      "pending": [],
      "skipped": [],
      "duration": 0,
      "root": true,
      "rootEmpty": true,
      "_timeout": 10000
    }
  ],
  "meta": {
    "mocha": {
      "version": "10.1.0"
    },
    "mochawesome": {
      "options": {
        "quiet": false,
        "reportFilename": "mochawesome",
        "saveHtml": true,
        "saveJson": true,
        "consoleReporter": "spec",
        "useInlineDiffs": false,
        "code": true
      },
      "version": "7.1.3"
    },
    "marge": {
      "options": null,
      "version": "6.2.0"
    }
  }
}